1516740215.528603 client started (58525): version 2.6, socket /private/tmp/tmux-408721986/default, protocol 8
1516740215.528678 on Darwin 17.3.0 Darwin Kernel Version 17.3.0: Thu Nov  9 18:09:22 PST 2017; root:xnu-4570.31.3~1/RELEASE_X86_64; libevent 2.1.8-stable (select)
1516740215.528732 socket is /private/tmp/tmux-408721986/default
1516740215.528758 trying connect
1516740215.528858 add peer 0x7f9981049c00: 6 (0x0)
1516740215.530436 sending message 100 to peer 0x7f9981049c00 (4 bytes)
1516740215.530460 sending message 101 to peer 0x7f9981049c00 (7 bytes)
1516740215.530472 sending message 102 to peer 0x7f9981049c00 (13 bytes)
1516740215.530482 sending message 108 to peer 0x7f9981049c00 (67 bytes)
1516740215.530502 sending message 104 to peer 0x7f9981049c00 (0 bytes)
1516740215.530511 sending message 107 to peer 0x7f9981049c00 (4 bytes)
1516740215.530521 sending message 105 to peer 0x7f9981049c00 (45 bytes)
1516740215.530530 sending message 105 to peer 0x7f9981049c00 (23 bytes)
1516740215.530539 sending message 105 to peer 0x7f9981049c00 (12 bytes)
1516740215.530548 sending message 105 to peer 0x7f9981049c00 (16 bytes)
1516740215.530557 sending message 105 to peer 0x7f9981049c00 (57 bytes)
1516740215.530566 sending message 105 to peer 0x7f9981049c00 (76 bytes)
1516740215.530575 sending message 105 to peer 0x7f9981049c00 (43 bytes)
1516740215.530585 sending message 105 to peer 0x7f9981049c00 (27 bytes)
1516740215.530594 sending message 105 to peer 0x7f9981049c00 (60 bytes)
1516740215.530603 sending message 105 to peer 0x7f9981049c00 (21 bytes)
1516740215.530612 sending message 105 to peer 0x7f9981049c00 (61 bytes)
1516740215.530621 sending message 105 to peer 0x7f9981049c00 (22 bytes)
1516740215.530630 sending message 105 to peer 0x7f9981049c00 (56 bytes)
1516740215.530639 sending message 105 to peer 0x7f9981049c00 (32 bytes)
1516740215.530648 sending message 105 to peer 0x7f9981049c00 (49 bytes)
1516740215.530657 sending message 105 to peer 0x7f9981049c00 (166 bytes)
1516740215.530666 sending message 105 to peer 0x7f9981049c00 (71 bytes)
1516740215.530675 sending message 105 to peer 0x7f9981049c00 (17 bytes)
1516740215.530685 sending message 105 to peer 0x7f9981049c00 (19 bytes)
1516740215.530694 sending message 105 to peer 0x7f9981049c00 (14 bytes)
1516740215.530703 sending message 105 to peer 0x7f9981049c00 (13 bytes)
1516740215.530712 sending message 105 to peer 0x7f9981049c00 (19 bytes)
1516740215.530721 sending message 105 to peer 0x7f9981049c00 (8 bytes)
1516740215.530730 sending message 105 to peer 0x7f9981049c00 (28 bytes)
1516740215.530739 sending message 105 to peer 0x7f9981049c00 (15 bytes)
1516740215.530748 sending message 105 to peer 0x7f9981049c00 (61 bytes)
1516740215.530757 sending message 105 to peer 0x7f9981049c00 (24 bytes)
1516740215.530767 sending message 105 to peer 0x7f9981049c00 (63 bytes)
1516740215.530776 sending message 105 to peer 0x7f9981049c00 (24 bytes)
1516740215.530785 sending message 105 to peer 0x7f9981049c00 (20 bytes)
1516740215.530794 sending message 105 to peer 0x7f9981049c00 (22 bytes)
1516740215.530803 sending message 105 to peer 0x7f9981049c00 (66 bytes)
1516740215.530812 sending message 105 to peer 0x7f9981049c00 (17 bytes)
1516740215.530821 sending message 105 to peer 0x7f9981049c00 (15 bytes)
1516740215.530830 sending message 106 to peer 0x7f9981049c00 (0 bytes)
1516740215.530846 sending message 200 to peer 0x7f9981049c00 (4 bytes)
1516740215.530863 client loop enter
1516740215.531152 peer 0x7f9981049c00 message 211
1516740215.531185 peer 0x7f9981049c00 message 203
1516740215.531197 client loop exit
